[2025-11-27T15:33:30.376+0300] {taskinstance.py:1090} INFO - Dependencies all met for dep_context=non-requeueable deps ti=<TaskInstance: execute_python_operator.greet_hello_with_city manual__2025-11-27T12:33:24.257033+00:00 [queued]>
[2025-11-27T15:33:30.388+0300] {taskinstance.py:1090} INFO - Dependencies all met for dep_context=non-requeueable deps ti=<TaskInstance: execute_python_operator.greet_hello_with_city manual__2025-11-27T12:33:24.257033+00:00 [queued]>
[2025-11-27T15:33:30.393+0300] {taskinstance.py:1090} INFO - Dependencies all met for dep_context=requeueable deps ti=<TaskInstance: execute_python_operator.greet_hello_with_city manual__2025-11-27T12:33:24.257033+00:00 [queued]>
[2025-11-27T15:33:30.393+0300] {taskinstance.py:1288} INFO - 
--------------------------------------------------------------------------------
[2025-11-27T15:33:30.394+0300] {taskinstance.py:1289} INFO - Starting attempt 1 of 1
[2025-11-27T15:33:30.394+0300] {taskinstance.py:1290} INFO - 
--------------------------------------------------------------------------------
[2025-11-27T15:33:30.403+0300] {taskinstance.py:1090} INFO - Dependencies all met for dep_context=requeueable deps ti=<TaskInstance: execute_python_operator.greet_hello_with_city manual__2025-11-27T12:33:24.257033+00:00 [queued]>
[2025-11-27T15:33:30.403+0300] {taskinstance.py:1288} INFO - 
--------------------------------------------------------------------------------
[2025-11-27T15:33:30.403+0300] {taskinstance.py:1289} INFO - Starting attempt 1 of 1
[2025-11-27T15:33:30.403+0300] {taskinstance.py:1290} INFO - 
--------------------------------------------------------------------------------
[2025-11-27T15:33:30.420+0300] {taskinstance.py:1309} INFO - Executing <Task(PythonOperator): greet_hello_with_city> on 2025-11-27 12:33:24.257033+00:00
[2025-11-27T15:33:30.424+0300] {standard_task_runner.py:55} INFO - Started process 98381 to run task
[2025-11-27T15:33:30.431+0300] {standard_task_runner.py:82} INFO - Running: ['airflow', 'tasks', 'run', 'execute_python_operator', 'greet_hello_with_city', 'manual__2025-11-27T12:33:24.257033+00:00', '--job-id', '73', '--raw', '--subdir', 'DAGS_FOLDER/weather_dag.py', '--cfg-path', '/tmp/tmp92ey3oqy']
[2025-11-27T15:33:30.433+0300] {standard_task_runner.py:83} INFO - Job 73: Subtask greet_hello_with_city
[2025-11-27T15:33:30.439+0300] {taskinstance.py:1309} INFO - Executing <Task(PythonOperator): greet_hello_with_city> on 2025-11-27 12:33:24.257033+00:00
[2025-11-27T15:33:30.443+0300] {standard_task_runner.py:55} INFO - Started process 98383 to run task
[2025-11-27T15:33:30.447+0300] {standard_task_runner.py:82} INFO - Running: ['airflow', 'tasks', 'run', 'execute_python_operator', 'greet_hello_with_city', 'manual__2025-11-27T12:33:24.257033+00:00', '--job-id', '74', '--raw', '--subdir', 'DAGS_FOLDER/weather_dag.py', '--cfg-path', '/tmp/tmpoj3np7d0']
[2025-11-27T15:33:30.449+0300] {standard_task_runner.py:83} INFO - Job 74: Subtask greet_hello_with_city
[2025-11-27T15:33:30.536+0300] {task_command.py:389} INFO - Running <TaskInstance: execute_python_operator.greet_hello_with_city manual__2025-11-27T12:33:24.257033+00:00 [running]> on host DESKTOP-P0U82UP.
[2025-11-27T15:33:30.546+0300] {task_command.py:389} INFO - Running <TaskInstance: execute_python_operator.greet_hello_with_city manual__2025-11-27T12:33:24.257033+00:00 [running]> on host DESKTOP-P0U82UP.
[2025-11-27T15:33:30.635+0300] {taskinstance.py:1518} INFO - Exporting the following env vars:
AIRFLOW_CTX_DAG_OWNER=pker
AIRFLOW_CTX_DAG_ID=execute_python_operator
AIRFLOW_CTX_TASK_ID=greet_hello_with_city
AIRFLOW_CTX_EXECUTION_DATE=2025-11-27T12:33:24.257033+00:00
AIRFLOW_CTX_TRY_NUMBER=1
AIRFLOW_CTX_DAG_RUN_ID=manual__2025-11-27T12:33:24.257033+00:00
[2025-11-27T15:33:30.636+0300] {logging_mixin.py:137} INFO - Hello, pker from Seoul!
[2025-11-27T15:33:30.636+0300] {python.py:177} INFO - Done. Returned value was: None
[2025-11-27T15:33:30.643+0300] {taskinstance.py:1332} INFO - Marking task as SUCCESS. dag_id=execute_python_operator, task_id=greet_hello_with_city, execution_date=20251127T123324, start_date=20251127T123330, end_date=20251127T123330
[2025-11-27T15:33:30.631+0300] {taskinstance.py:1776} ERROR - Task failed with exception
Traceback (most recent call last):
  File "/home/pker/airflow_env/lib/python3.7/site-packages/sqlalchemy/engine/base.py", line 1901, in _execute_context
    cursor, statement, parameters, context
  File "/home/pker/airflow_env/lib/python3.7/site-packages/sqlalchemy/engine/default.py", line 736, in do_execute
    cursor.execute(statement, parameters)
sqlite3.IntegrityError: UNIQUE constraint failed: rendered_task_instance_fields.dag_id, rendered_task_instance_fields.task_id, rendered_task_instance_fields.run_id, rendered_task_instance_fields.map_index

The above exception was the direct cause of the following exception:

Traceback (most recent call last):
  File "/home/pker/airflow_env/lib/python3.7/site-packages/airflow/models/taskinstance.py", line 1383, in _run_raw_task
    self._execute_task_with_callbacks(context, test_mode)
  File "/home/pker/airflow_env/lib/python3.7/site-packages/airflow/models/taskinstance.py", line 1505, in _execute_task_with_callbacks
    RenderedTaskInstanceFields.write(rtif)
  File "/home/pker/airflow_env/lib/python3.7/site-packages/airflow/utils/session.py", line 75, in wrapper
    return func(*args, session=session, **kwargs)
  File "/home/pker/.pyenv/versions/3.7.16/lib/python3.7/contextlib.py", line 119, in __exit__
    next(self.gen)
  File "/home/pker/airflow_env/lib/python3.7/site-packages/airflow/utils/session.py", line 36, in create_session
    session.commit()
  File "/home/pker/airflow_env/lib/python3.7/site-packages/sqlalchemy/orm/session.py", line 1451, in commit
    self._transaction.commit(_to_root=self.future)
  File "/home/pker/airflow_env/lib/python3.7/site-packages/sqlalchemy/orm/session.py", line 829, in commit
    self._prepare_impl()
  File "/home/pker/airflow_env/lib/python3.7/site-packages/sqlalchemy/orm/session.py", line 808, in _prepare_impl
    self.session.flush()
  File "/home/pker/airflow_env/lib/python3.7/site-packages/sqlalchemy/orm/session.py", line 3446, in flush
    self._flush(objects)
  File "/home/pker/airflow_env/lib/python3.7/site-packages/sqlalchemy/orm/session.py", line 3586, in _flush
    transaction.rollback(_capture_exception=True)
  File "/home/pker/airflow_env/lib/python3.7/site-packages/sqlalchemy/util/langhelpers.py", line 72, in __exit__
    with_traceback=exc_tb,
  File "/home/pker/airflow_env/lib/python3.7/site-packages/sqlalchemy/util/compat.py", line 211, in raise_
    raise exception
  File "/home/pker/airflow_env/lib/python3.7/site-packages/sqlalchemy/orm/session.py", line 3546, in _flush
    flush_context.execute()
  File "/home/pker/airflow_env/lib/python3.7/site-packages/sqlalchemy/orm/unitofwork.py", line 456, in execute
    rec.execute(self)
  File "/home/pker/airflow_env/lib/python3.7/site-packages/sqlalchemy/orm/unitofwork.py", line 633, in execute
    uow,
  File "/home/pker/airflow_env/lib/python3.7/site-packages/sqlalchemy/orm/persistence.py", line 250, in save_obj
    insert,
  File "/home/pker/airflow_env/lib/python3.7/site-packages/sqlalchemy/orm/persistence.py", line 1098, in _emit_insert_statements
    statement, multiparams, execution_options=execution_options
  File "/home/pker/airflow_env/lib/python3.7/site-packages/sqlalchemy/engine/base.py", line 1705, in _execute_20
    return meth(self, args_10style, kwargs_10style, execution_options)
  File "/home/pker/airflow_env/lib/python3.7/site-packages/sqlalchemy/sql/elements.py", line 335, in _execute_on_connection
    self, multiparams, params, execution_options
  File "/home/pker/airflow_env/lib/python3.7/site-packages/sqlalchemy/engine/base.py", line 1582, in _execute_clauseelement
    cache_hit=cache_hit,
  File "/home/pker/airflow_env/lib/python3.7/site-packages/sqlalchemy/engine/base.py", line 1944, in _execute_context
    e, statement, parameters, cursor, context
  File "/home/pker/airflow_env/lib/python3.7/site-packages/sqlalchemy/engine/base.py", line 2125, in _handle_dbapi_exception
    sqlalchemy_exception, with_traceback=exc_info[2], from_=e
  File "/home/pker/airflow_env/lib/python3.7/site-packages/sqlalchemy/util/compat.py", line 211, in raise_
    raise exception
  File "/home/pker/airflow_env/lib/python3.7/site-packages/sqlalchemy/engine/base.py", line 1901, in _execute_context
    cursor, statement, parameters, context
  File "/home/pker/airflow_env/lib/python3.7/site-packages/sqlalchemy/engine/default.py", line 736, in do_execute
    cursor.execute(statement, parameters)
sqlalchemy.exc.IntegrityError: (sqlite3.IntegrityError) UNIQUE constraint failed: rendered_task_instance_fields.dag_id, rendered_task_instance_fields.task_id, rendered_task_instance_fields.run_id, rendered_task_instance_fields.map_index
[SQL: INSERT INTO rendered_task_instance_fields (dag_id, task_id, run_id, map_index, rendered_fields, k8s_pod_yaml) VALUES (?, ?, ?, ?, ?, ?)]
[parameters: ('execute_python_operator', 'greet_hello_with_city', 'manual__2025-11-27T12:33:24.257033+00:00', -1, '{"templates_dict": null, "op_args": [], "op_kwargs": {"name": "pker", "city": "Seoul"}}', 'null')]
(Background on this error at: https://sqlalche.me/e/14/gkpj)
[2025-11-27T15:33:30.661+0300] {taskinstance.py:1332} INFO - Marking task as FAILED. dag_id=execute_python_operator, task_id=greet_hello_with_city, execution_date=20251127T123324, start_date=20251127T123330, end_date=20251127T123330
[2025-11-27T15:33:30.678+0300] {standard_task_runner.py:105} ERROR - Failed to execute job 74 for task greet_hello_with_city ((sqlite3.IntegrityError) UNIQUE constraint failed: rendered_task_instance_fields.dag_id, rendered_task_instance_fields.task_id, rendered_task_instance_fields.run_id, rendered_task_instance_fields.map_index
[SQL: INSERT INTO rendered_task_instance_fields (dag_id, task_id, run_id, map_index, rendered_fields, k8s_pod_yaml) VALUES (?, ?, ?, ?, ?, ?)]
[parameters: ('execute_python_operator', 'greet_hello_with_city', 'manual__2025-11-27T12:33:24.257033+00:00', -1, '{"templates_dict": null, "op_args": [], "op_kwargs": {"name": "pker", "city": "Seoul"}}', 'null')]
(Background on this error at: https://sqlalche.me/e/14/gkpj); 98383)
[2025-11-27T15:33:30.689+0300] {local_task_job.py:212} INFO - Task exited with return code 0
[2025-11-27T15:33:30.707+0300] {local_task_job.py:212} INFO - Task exited with return code 1
[2025-11-27T15:33:30.721+0300] {taskinstance.py:2596} INFO - 0 downstream tasks scheduled from follow-on schedule check
[2025-11-27T15:33:30.733+0300] {taskinstance.py:2596} INFO - 0 downstream tasks scheduled from follow-on schedule check
