[2025-11-28T12:30:28.841+0300] {taskinstance.py:1090} INFO - Dependencies all met for dep_context=non-requeueable deps ti=<TaskInstance: pipeline_read_csv.groupby_region manual__2025-11-28T09:30:17.744558+00:00 [queued]>
[2025-11-28T12:30:28.853+0300] {taskinstance.py:1090} INFO - Dependencies all met for dep_context=requeueable deps ti=<TaskInstance: pipeline_read_csv.groupby_region manual__2025-11-28T09:30:17.744558+00:00 [queued]>
[2025-11-28T12:30:28.853+0300] {taskinstance.py:1288} INFO - 
--------------------------------------------------------------------------------
[2025-11-28T12:30:28.853+0300] {taskinstance.py:1289} INFO - Starting attempt 1 of 1
[2025-11-28T12:30:28.854+0300] {taskinstance.py:1290} INFO - 
--------------------------------------------------------------------------------
[2025-11-28T12:30:28.879+0300] {taskinstance.py:1309} INFO - Executing <Task(PythonOperator): groupby_region> on 2025-11-28 09:30:17.744558+00:00
[2025-11-28T12:30:28.885+0300] {standard_task_runner.py:55} INFO - Started process 367040 to run task
[2025-11-28T12:30:28.891+0300] {standard_task_runner.py:82} INFO - Running: ['airflow', 'tasks', 'run', 'pipeline_read_csv', 'groupby_region', 'manual__2025-11-28T09:30:17.744558+00:00', '--job-id', '104', '--raw', '--subdir', 'DAGS_FOLDER/pipeline.py', '--cfg-path', '/tmp/tmp_z6s7qu8']
[2025-11-28T12:30:28.893+0300] {standard_task_runner.py:83} INFO - Job 104: Subtask groupby_region
[2025-11-28T12:30:28.962+0300] {task_command.py:389} INFO - Running <TaskInstance: pipeline_read_csv.groupby_region manual__2025-11-28T09:30:17.744558+00:00 [running]> on host DESKTOP-P0U82UP.
[2025-11-28T12:30:29.054+0300] {taskinstance.py:1518} INFO - Exporting the following env vars:
AIRFLOW_CTX_DAG_OWNER=pker
AIRFLOW_CTX_DAG_ID=pipeline_read_csv
AIRFLOW_CTX_TASK_ID=groupby_region
AIRFLOW_CTX_EXECUTION_DATE=2025-11-28T09:30:17.744558+00:00
AIRFLOW_CTX_TRY_NUMBER=1
AIRFLOW_CTX_DAG_RUN_ID=manual__2025-11-28T09:30:17.744558+00:00
[2025-11-28T12:30:29.105+0300] {taskinstance.py:1776} ERROR - Task failed with exception
Traceback (most recent call last):
  File "/home/pker/airflow_env/lib/python3.7/site-packages/airflow/operators/python.py", line 175, in execute
    return_value = self.execute_callable()
  File "/home/pker/airflow_env/lib/python3.7/site-packages/airflow/operators/python.py", line 192, in execute_callable
    return self.python_callable(*self.op_args, **self.op_kwargs)
  File "/home/pker/airflow/dags/pipeline.py", line 36, in groupby_region
    df = pd.read_json(json_data)
  File "/home/pker/airflow_env/lib/python3.7/site-packages/pandas/util/_decorators.py", line 207, in wrapper
    return func(*args, **kwargs)
  File "/home/pker/airflow_env/lib/python3.7/site-packages/pandas/util/_decorators.py", line 311, in wrapper
    return func(*args, **kwargs)
  File "/home/pker/airflow_env/lib/python3.7/site-packages/pandas/io/json/_json.py", line 607, in read_json
    encoding_errors=encoding_errors,
  File "/home/pker/airflow_env/lib/python3.7/site-packages/pandas/io/json/_json.py", line 675, in __init__
    data = self._get_data_from_filepath(filepath_or_buffer)
  File "/home/pker/airflow_env/lib/python3.7/site-packages/pandas/io/json/_json.py", line 718, in _get_data_from_filepath
    errors=self.encoding_errors,
  File "/home/pker/airflow_env/lib/python3.7/site-packages/pandas/io/common.py", line 585, in get_handle
    if _is_binary_mode(path_or_buf, mode) and "b" not in mode:
  File "/home/pker/airflow_env/lib/python3.7/site-packages/pandas/io/common.py", line 962, in _is_binary_mode
    return isinstance(handle, binary_classes) or "b" in getattr(handle, "mode", mode)
TypeError: argument of type 'method' is not iterable
[2025-11-28T12:30:29.115+0300] {taskinstance.py:1332} INFO - Marking task as FAILED. dag_id=pipeline_read_csv, task_id=groupby_region, execution_date=20251128T093017, start_date=20251128T093028, end_date=20251128T093029
[2025-11-28T12:30:29.132+0300] {standard_task_runner.py:105} ERROR - Failed to execute job 104 for task groupby_region (argument of type 'method' is not iterable; 367040)
[2025-11-28T12:30:29.157+0300] {local_task_job.py:212} INFO - Task exited with return code 1
[2025-11-28T12:30:29.180+0300] {taskinstance.py:2596} INFO - 0 downstream tasks scheduled from follow-on schedule check
