[2025-12-25T08:47:29.089+0300] {taskinstance.py:1090} INFO - Dependencies all met for dep_context=non-requeueable deps ti=<TaskInstance: weather_dag.extract_weather_data scheduled__2025-12-24T00:00:00+00:00 [queued]>
[2025-12-25T08:47:29.106+0300] {taskinstance.py:1090} INFO - Dependencies all met for dep_context=requeueable deps ti=<TaskInstance: weather_dag.extract_weather_data scheduled__2025-12-24T00:00:00+00:00 [queued]>
[2025-12-25T08:47:29.107+0300] {taskinstance.py:1288} INFO - 
--------------------------------------------------------------------------------
[2025-12-25T08:47:29.107+0300] {taskinstance.py:1289} INFO - Starting attempt 1 of 1
[2025-12-25T08:47:29.107+0300] {taskinstance.py:1290} INFO - 
--------------------------------------------------------------------------------
[2025-12-25T08:47:29.132+0300] {taskinstance.py:1309} INFO - Executing <Task(PythonOperator): extract_weather_data> on 2025-12-24 00:00:00+00:00
[2025-12-25T08:47:29.138+0300] {standard_task_runner.py:55} INFO - Started process 302328 to run task
[2025-12-25T08:47:29.145+0300] {standard_task_runner.py:82} INFO - Running: ['airflow', 'tasks', 'run', 'weather_dag', 'extract_weather_data', 'scheduled__2025-12-24T00:00:00+00:00', '--job-id', '11', '--raw', '--subdir', 'DAGS_FOLDER/weather_dag.py', '--cfg-path', '/tmp/tmp3jtp75lw']
[2025-12-25T08:47:29.145+0300] {standard_task_runner.py:83} INFO - Job 11: Subtask extract_weather_data
[2025-12-25T08:47:29.481+0300] {task_command.py:389} INFO - Running <TaskInstance: weather_dag.extract_weather_data scheduled__2025-12-24T00:00:00+00:00 [running]> on host DESKTOP-P0U82UP.
[2025-12-25T08:47:29.784+0300] {taskinstance.py:1518} INFO - Exporting the following env vars:
AIRFLOW_CTX_DAG_OWNER=pker
AIRFLOW_CTX_DAG_ID=weather_dag
AIRFLOW_CTX_TASK_ID=extract_weather_data
AIRFLOW_CTX_EXECUTION_DATE=2025-12-24T00:00:00+00:00
AIRFLOW_CTX_TRY_NUMBER=1
AIRFLOW_CTX_DAG_RUN_ID=scheduled__2025-12-24T00:00:00+00:00
[2025-12-25T08:47:38.717+0300] {taskinstance.py:1776} ERROR - Task failed with exception
Traceback (most recent call last):
  File "/home/pker/airflow_env/lib/python3.7/site-packages/urllib3/connection.py", line 175, in _new_conn
    (self._dns_host, self.port), self.timeout, **extra_kw
  File "/home/pker/airflow_env/lib/python3.7/site-packages/urllib3/util/connection.py", line 72, in create_connection
    for res in socket.getaddrinfo(host, port, family, socket.SOCK_STREAM):
  File "/home/pker/.pyenv/versions/3.7.16/lib/python3.7/socket.py", line 752, in getaddrinfo
    for res in _socket.getaddrinfo(host, port, family, type, proto, flags):
socket.gaierror: [Errno -3] Temporary failure in name resolution

During handling of the above exception, another exception occurred:

Traceback (most recent call last):
  File "/home/pker/airflow_env/lib/python3.7/site-packages/urllib3/connectionpool.py", line 710, in urlopen
    chunked=chunked,
  File "/home/pker/airflow_env/lib/python3.7/site-packages/urllib3/connectionpool.py", line 398, in _make_request
    conn.request(method, url, **httplib_request_kw)
  File "/home/pker/airflow_env/lib/python3.7/site-packages/urllib3/connection.py", line 244, in request
    super(HTTPConnection, self).request(method, url, body=body, headers=headers)
  File "/home/pker/.pyenv/versions/3.7.16/lib/python3.7/http/client.py", line 1281, in request
    self._send_request(method, url, body, headers, encode_chunked)
  File "/home/pker/.pyenv/versions/3.7.16/lib/python3.7/http/client.py", line 1327, in _send_request
    self.endheaders(body, encode_chunked=encode_chunked)
  File "/home/pker/.pyenv/versions/3.7.16/lib/python3.7/http/client.py", line 1276, in endheaders
    self._send_output(message_body, encode_chunked=encode_chunked)
  File "/home/pker/.pyenv/versions/3.7.16/lib/python3.7/http/client.py", line 1036, in _send_output
    self.send(msg)
  File "/home/pker/.pyenv/versions/3.7.16/lib/python3.7/http/client.py", line 976, in send
    self.connect()
  File "/home/pker/airflow_env/lib/python3.7/site-packages/urllib3/connection.py", line 205, in connect
    conn = self._new_conn()
  File "/home/pker/airflow_env/lib/python3.7/site-packages/urllib3/connection.py", line 187, in _new_conn
    self, "Failed to establish a new connection: %s" % e
urllib3.exceptions.NewConnectionError: <urllib3.connection.HTTPConnection object at 0x7fc111b7d590>: Failed to establish a new connection: [Errno -3] Temporary failure in name resolution

During handling of the above exception, another exception occurred:

Traceback (most recent call last):
  File "/home/pker/airflow_env/lib/python3.7/site-packages/requests/adapters.py", line 499, in send
    timeout=timeout,
  File "/home/pker/airflow_env/lib/python3.7/site-packages/urllib3/connectionpool.py", line 788, in urlopen
    method, url, error=e, _pool=self, _stacktrace=sys.exc_info()[2]
  File "/home/pker/airflow_env/lib/python3.7/site-packages/urllib3/util/retry.py", line 592, in increment
    raise MaxRetryError(_pool, url, error or ResponseError(cause))
urllib3.exceptions.MaxRetryError: HTTPConnectionPool(host='api.openweathermap.org', port=80): Max retries exceeded with url: /data/2.5/weather?q=Nairobi&appid=***&units=metric (Caused by NewConnectionError('<urllib3.connection.HTTPConnection object at 0x7fc111b7d590>: Failed to establish a new connection: [Errno -3] Temporary failure in name resolution'))

During handling of the above exception, another exception occurred:

Traceback (most recent call last):
  File "/home/pker/airflow_env/lib/python3.7/site-packages/airflow/operators/python.py", line 175, in execute
    return_value = self.execute_callable()
  File "/home/pker/airflow_env/lib/python3.7/site-packages/airflow/operators/python.py", line 192, in execute_callable
    return self.python_callable(*self.op_args, **self.op_kwargs)
  File "/home/pker/airflow/dags/weather_etl/main.py", line 25, in fetch_weather_data
    response = requests.get(endpoint_url, params=params)
  File "/home/pker/airflow_env/lib/python3.7/site-packages/requests/api.py", line 73, in get
    return request("get", url, params=params, **kwargs)
  File "/home/pker/airflow_env/lib/python3.7/site-packages/requests/api.py", line 59, in request
    return session.request(method=method, url=url, **kwargs)
  File "/home/pker/airflow_env/lib/python3.7/site-packages/requests/sessions.py", line 587, in request
    resp = self.send(prep, **send_kwargs)
  File "/home/pker/airflow_env/lib/python3.7/site-packages/requests/sessions.py", line 701, in send
    r = adapter.send(request, **kwargs)
  File "/home/pker/airflow_env/lib/python3.7/site-packages/requests/adapters.py", line 565, in send
    raise ConnectionError(e, request=request)
requests.exceptions.ConnectionError: HTTPConnectionPool(host='api.openweathermap.org', port=80): Max retries exceeded with url: /data/2.5/weather?q=Nairobi&appid=***&units=metric (Caused by NewConnectionError('<urllib3.connection.HTTPConnection object at 0x7fc111b7d590>: Failed to establish a new connection: [Errno -3] Temporary failure in name resolution'))
[2025-12-25T08:47:38.790+0300] {taskinstance.py:1332} INFO - Marking task as FAILED. dag_id=weather_dag, task_id=extract_weather_data, execution_date=20251224T000000, start_date=20251225T054729, end_date=20251225T054738
[2025-12-25T08:47:38.814+0300] {standard_task_runner.py:105} ERROR - Failed to execute job 11 for task extract_weather_data (HTTPConnectionPool(host='api.openweathermap.org', port=80): Max retries exceeded with url: /data/2.5/weather?q=Nairobi&appid=***&units=metric (Caused by NewConnectionError('<urllib3.connection.HTTPConnection object at 0x7fc111b7d590>: Failed to establish a new connection: [Errno -3] Temporary failure in name resolution')); 302328)
[2025-12-25T08:47:38.823+0300] {local_task_job.py:212} INFO - Task exited with return code 1
[2025-12-25T08:47:38.907+0300] {taskinstance.py:2596} INFO - 0 downstream tasks scheduled from follow-on schedule check
